[debug] [2018-03-20T13:05:24.602Z] ----------------------------------------------------------------------
[debug] [2018-03-20T13:05:24.604Z] Command:       C:\Program Files\nodejs\node.exe C:\Users\v-lee\AppData\Roaming\npm\node_modules\firebase-tools\bin\firebase deploy
[debug] [2018-03-20T13:05:24.604Z] CLI Version:   3.17.6
[debug] [2018-03-20T13:05:24.604Z] Platform:      win32
[debug] [2018-03-20T13:05:24.604Z] Node Version:  v8.9.1
[debug] [2018-03-20T13:05:24.605Z] Time:          Tue Mar 20 2018 21:05:24 GMT+0800 (中国标准时间)
[debug] [2018-03-20T13:05:24.605Z] ----------------------------------------------------------------------
[debug] 
[debug] [2018-03-20T13:05:24.614Z] > command requires scopes: ["email","openid","https://www.googleapis.com/auth/cloudplatformprojects.readonly","https://www.googleapis.com/auth/firebase","https://www.googleapis.com/auth/cloud-platform"]
[debug] [2018-03-20T13:05:24.614Z] > authorizing via signed-in user
[debug] [2018-03-20T13:05:24.615Z] > refreshing access token with scopes: ["email","https://www.googleapis.com/auth/cloud-platform","https://www.googleapis.com/auth/cloudplatformprojects.readonly","https://www.googleapis.com/auth/firebase","openid"]
[debug] [2018-03-20T13:05:24.616Z] >>> HTTP REQUEST POST https://www.googleapis.com/oauth2/v3/token  
 { refresh_token: '1/-UIXDGLiIqB8WJdLpwb-q1h-nUskyv4XQePV-FcNkhU',
  client_id: '563584335869-fgrhgmd47bqnekij5i8b5pr03ho849e6.apps.googleusercontent.com',
  client_secret: 'j9iVZfS8kkCEFUPaAeJV0sAi',
  grant_type: 'refresh_token',
  scope: 'email https://www.googleapis.com/auth/cloud-platform https://www.googleapis.com/auth/cloudplatformprojects.readonly https://www.googleapis.com/auth/firebase openid' } 
 Tue Mar 20 2018 21:05:24 GMT+0800 (中国标准时间)
[debug] [2018-03-20T13:05:25.185Z] <<< HTTP RESPONSE 200
[debug] [2018-03-20T13:05:25.191Z] >>> HTTP REQUEST GET https://admin.firebase.com/v1/projects/liminjun-employees  
  
 Tue Mar 20 2018 21:05:25 GMT+0800 (中国标准时间)
[debug] [2018-03-20T13:05:26.216Z] <<< HTTP RESPONSE 200
[debug] [2018-03-20T13:05:26.216Z] >>> HTTP REQUEST GET https://admin.firebase.com/v1/database/liminjun-employees/tokens  
  
 Tue Mar 20 2018 21:05:26 GMT+0800 (中国标准时间)
[debug] [2018-03-20T13:05:27.393Z] <<< HTTP RESPONSE 200
[debug] [2018-03-20T13:05:45.965Z] ----------------------------------------------------------------------
[debug] [2018-03-20T13:05:45.968Z] Command:       C:\Program Files\nodejs\node.exe C:\Users\v-lee\AppData\Roaming\npm\node_modules\firebase-tools\bin\firebase deploy --debug
[debug] [2018-03-20T13:05:45.968Z] CLI Version:   3.17.6
[debug] [2018-03-20T13:05:45.969Z] Platform:      win32
[debug] [2018-03-20T13:05:45.969Z] Node Version:  v8.9.1
[debug] [2018-03-20T13:05:45.971Z] Time:          Tue Mar 20 2018 21:05:45 GMT+0800 (中国标准时间)
[debug] [2018-03-20T13:05:45.971Z] ----------------------------------------------------------------------
[debug] 
[debug] [2018-03-20T13:05:45.983Z] > command requires scopes: ["email","openid","https://www.googleapis.com/auth/cloudplatformprojects.readonly","https://www.googleapis.com/auth/firebase","https://www.googleapis.com/auth/cloud-platform"]
[debug] [2018-03-20T13:05:45.984Z] > authorizing via signed-in user
[debug] [2018-03-20T13:05:45.994Z] >>> HTTP REQUEST GET https://admin.firebase.com/v1/projects/liminjun-employees  
  
 Tue Mar 20 2018 21:05:45 GMT+0800 (中国标准时间)
[debug] [2018-03-20T13:05:47.004Z] <<< HTTP RESPONSE 200
[debug] [2018-03-20T13:05:47.008Z] >>> HTTP REQUEST GET https://admin.firebase.com/v1/database/liminjun-employees/tokens  
  
 Tue Mar 20 2018 21:05:47 GMT+0800 (中国标准时间)
[debug] [2018-03-20T13:05:48.151Z] <<< HTTP RESPONSE 200
